0 info it worked if it ends with ok
1 verbose cli [ 'C:\\Program Files\\nodejs\\node.exe',
1 verbose cli   'C:\\Program Files\\nodejs\\node_modules\\npm\\bin\\npm-cli.js',
1 verbose cli   'run',
1 verbose cli   'build' ]
2 info using npm@4.0.5
3 info using node@v7.4.0
4 verbose run-script [ 'prebuild', 'build', 'postbuild' ]
5 info lifecycle lsp-journals-calendar@0.0.1~prebuild: lsp-journals-calendar@0.0.1
6 silly lifecycle lsp-journals-calendar@0.0.1~prebuild: no script for prebuild, continuing
7 info lifecycle lsp-journals-calendar@0.0.1~build: lsp-journals-calendar@0.0.1
8 verbose lifecycle lsp-journals-calendar@0.0.1~build: unsafe-perm in lifecycle true
9 verbose lifecycle lsp-journals-calendar@0.0.1~build: PATH: C:\Program Files\nodejs\node_modules\npm\bin\node-gyp-bin;C:\Users\Diego\Desktop\Uni\Log\plugins\logseq-plugin-samples-master\logseq-journals-calendar\node_modules\.bin;C:\Program Files (x86)\Common Files\Intel\Shared Libraries\redist\intel64\compiler;C:\WINDOWS\system32;C:\WINDOWS;C:\WINDOWS\System32\Wbem;C:\WINDOWS\System32\WindowsPowerShell\v1.0\;C:\WINDOWS\System32\OpenSSH\;C:\Program Files\Git\cmd;C:\Program Files (x86)\NVIDIA Corporation\PhysX\Common;C:\Program Files\NVIDIA Corporation\NVIDIA NvDLISR;C:\Program Files\nodejs\;C:\texlive\2021\bin\win32;C:\Users\Diego\AppData\Local\Microsoft\WindowsApps;C:\Users\Diego\AppData\Local\Programs\Microsoft VS Code\bin;C:\Users\Diego\AppData\Roaming\npm;C:\Users\Diego\AppData\Local\atom\bin
10 verbose lifecycle lsp-journals-calendar@0.0.1~build: CWD: C:\Users\Diego\Desktop\Uni\Log\plugins\logseq-plugin-samples-master\logseq-journals-calendar
11 silly lifecycle lsp-journals-calendar@0.0.1~build: Args: [ '/d /s /c', 'vite build' ]
12 silly lifecycle lsp-journals-calendar@0.0.1~build: Returned: code: 1  signal: null
13 info lifecycle lsp-journals-calendar@0.0.1~build: Failed to exec build script
14 verbose stack Error: lsp-journals-calendar@0.0.1 build: `vite build`
14 verbose stack Exit status 1
14 verbose stack     at EventEmitter.<anonymous> (C:\Program Files\nodejs\node_modules\npm\lib\utils\lifecycle.js:279:16)
14 verbose stack     at emitTwo (events.js:106:13)
14 verbose stack     at EventEmitter.emit (events.js:191:7)
14 verbose stack     at ChildProcess.<anonymous> (C:\Program Files\nodejs\node_modules\npm\lib\utils\spawn.js:40:14)
14 verbose stack     at emitTwo (events.js:106:13)
14 verbose stack     at ChildProcess.emit (events.js:191:7)
14 verbose stack     at maybeClose (internal/child_process.js:885:16)
14 verbose stack     at Process.ChildProcess._handle.onexit (internal/child_process.js:226:5)
15 verbose pkgid lsp-journals-calendar@0.0.1
16 verbose cwd C:\Users\Diego\Desktop\Uni\Log\plugins\logseq-plugin-samples-master\logseq-journals-calendar
17 error Windows_NT 10.0.19042
18 error argv "C:\\Program Files\\nodejs\\node.exe" "C:\\Program Files\\nodejs\\node_modules\\npm\\bin\\npm-cli.js" "run" "build"
19 error node v7.4.0
20 error npm  v4.0.5
21 error code ELIFECYCLE
22 error lsp-journals-calendar@0.0.1 build: `vite build`
22 error Exit status 1
23 error Failed at the lsp-journals-calendar@0.0.1 build script 'vite build'.
23 error Make sure you have the latest version of node.js and npm installed.
23 error If you do, this is most likely a problem with the lsp-journals-calendar package,
23 error not with npm itself.
23 error Tell the author that this fails on your system:
23 error     vite build
23 error You can get information on how to open an issue for this project with:
23 error     npm bugs lsp-journals-calendar
23 error Or if that isn't available, you can get their info via:
23 error     npm owner ls lsp-journals-calendar
23 error There is likely additional logging output above.
24 verbose exit [ 1, true ]
